Base path: 'C:/Program Files/Unity/Hub/Editor/2020.1.7f1/Editor/Data', plugins path 'C:/Program Files/Unity/Hub/Editor/2020.1.7f1/Editor/Data/PlaybackEngines'
Cmd: initializeCompiler
Cmd: initializeCompiler
Cmd: compileComputeKernel
  api=4 insize=28593 outsize=843 ok=1
Cmd: compileComputeKernel
  api=4 insize=10587 outsize=7763 ok=1
Cmd: compileComputeKernel
  api=4 insize=6210 outsize=2522 ok=1
Cmd: compileComputeKernel
  api=4 insize=3715 outsize=1168 ok=1
Cmd: compileComputeKernel
  api=4 insize=11602 outsize=261 ok=1
Cmd: compileComputeKernel
  api=4 insize=2565 outsize=761 ok=1
Cmd: compileComputeKernel
  api=4 insize=4831 outsize=681 ok=1
Cmd: compileComputeKernel
  api=4 insize=6753 outsize=1370 ok=1
Cmd: compileComputeKernel
  api=4 insize=9925 outsize=6313 ok=1
Cmd: compileComputeKernel
  api=4 insize=16303 outsize=36459 ok=1
Cmd: compileComputeKernel
  api=4 insize=16303 outsize=40797 ok=1
Cmd: compileComputeKernel
  api=4 insize=16303 outsize=38064 ok=1
Cmd: compileComputeKernel
  api=4 insize=4528 outsize=3187 ok=1
Cmd: compileComputeKernel
  api=4 insize=3202 outsize=2051 ok=1
Cmd: compileComputeKernel
  api=4 insize=3714 outsize=2517 ok=1
Cmd: compileComputeKernel
  api=4 insize=9615 outsize=4301 ok=1
Cmd: compileComputeKernel
  api=4 insize=22303 outsize=15353 ok=1
Cmd: compileComputeKernel
  api=4 insize=3705 outsize=4323 ok=1
Cmd: compileComputeKernel
  api=4 insize=22339 outsize=1030 ok=1
Cmd: compileComputeKernel
  api=4 insize=8509 outsize=5791 ok=1
Cmd: compileComputeKernel
  api=4 insize=11086 outsize=4703 ok=1
Cmd: compileComputeKernel
  api=4 insize=11086 outsize=670 ok=1
Cmd: compileComputeKernel
  api=4 insize=7597 outsize=1265 ok=1
Cmd: compileComputeKernel
  api=4 insize=16812 outsize=8241 ok=1
Cmd: compileComputeKernel
  api=4 insize=1372 outsize=670 ok=1
Cmd: compileComputeKernel
  api=4 insize=26550 outsize=15921 ok=1
Cmd: compileComputeKernel
  api=4 insize=9837 outsize=8305 ok=1
Cmd: compileComputeKernel
  api=4 insize=40272 outsize=42082 ok=1
Cmd: compileComputeKernel
  api=4 insize=40272 outsize=36817 ok=1

Quitting shader compiler process
