Base path: 'C:/Program Files/Unity/Hub/Editor/2020.1.7f1/Editor/Data', plugins path 'C:/Program Files/Unity/Hub/Editor/2020.1.7f1/Editor/Data/PlaybackEngines'
Cmd: initializeCompiler
Cmd: compileComputeKernel
  api=4 insize=14139 outsize=1294 ok=1
Cmd: compileComputeKernel
  api=4 insize=28593 outsize=5643 ok=1
Cmd: compileComputeKernel
  api=4 insize=18002 outsize=8307 ok=1
Cmd: compileComputeKernel
  api=4 insize=4831 outsize=894 ok=1
Cmd: compileComputeKernel
  api=4 insize=4831 outsize=2834 ok=1
Cmd: compileComputeKernel
  api=4 insize=6753 outsize=699 ok=1
Cmd: compileComputeKernel
  api=4 insize=9925 outsize=5250 ok=1
Cmd: compileComputeKernel
  api=4 insize=16303 outsize=103992 ok=1
Cmd: compileComputeKernel
  api=4 insize=8511 outsize=1019 ok=1
Cmd: compileComputeKernel
  api=4 insize=8784 outsize=94491 ok=1

Quitting shader compiler process
