Base path: 'C:/Program Files/Unity/Hub/Editor/2020.1.7f1/Editor/Data', plugins path 'C:/Program Files/Unity/Hub/Editor/2020.1.7f1/Editor/Data/PlaybackEngines'
Cmd: initializeCompiler
Cmd: initializeCompiler
Cmd: compileComputeKernel
  api=4 insize=28593 outsize=1040 ok=1
Cmd: compileComputeKernel
  api=4 insize=8303 outsize=699 ok=1
Cmd: compileComputeKernel
  api=4 insize=6210 outsize=2455 ok=1
Cmd: compileComputeKernel
  api=4 insize=18002 outsize=7466 ok=1
Cmd: compileComputeKernel
  api=4 insize=3753 outsize=2403 ok=1
Cmd: compileComputeKernel
  api=4 insize=6753 outsize=2915 ok=1
Cmd: compileComputeKernel
  api=4 insize=9925 outsize=8709 ok=1
Cmd: compileComputeKernel
  api=4 insize=16303 outsize=73013 ok=1
Cmd: compileComputeKernel
  api=4 insize=16303 outsize=15077 ok=1
Cmd: compileComputeKernel
  api=4 insize=10112 outsize=7535 ok=1
Cmd: compileComputeKernel
  api=4 insize=9615 outsize=3274 ok=1
Cmd: compileComputeKernel
  api=4 insize=22303 outsize=14879 ok=1
Cmd: compileComputeKernel
  api=4 insize=3705 outsize=1824 ok=1
Cmd: compileComputeKernel
  api=4 insize=9223 outsize=2144 ok=1
Cmd: compileComputeKernel
  api=4 insize=22339 outsize=2353 ok=1
Cmd: compileComputeKernel
  api=4 insize=8509 outsize=5193 ok=1
Cmd: compileComputeKernel
  api=4 insize=8511 outsize=6729 ok=1
Cmd: compileComputeKernel
  api=4 insize=11086 outsize=669 ok=1
Cmd: compileComputeKernel
  api=4 insize=7597 outsize=1037 ok=1
Cmd: compileComputeKernel
  api=4 insize=1372 outsize=624 ok=1
Cmd: compileComputeKernel
  api=4 insize=26550 outsize=15623 ok=1
Cmd: compileComputeKernel
  api=4 insize=26550 outsize=13739 ok=1
Cmd: compileComputeKernel
  api=4 insize=9837 outsize=7834 ok=1
Cmd: compileComputeKernel
  api=4 insize=40272 outsize=40442 ok=1
Cmd: compileComputeKernel
  api=4 insize=40272 outsize=37323 ok=1

Quitting shader compiler process
