Base path: 'C:/Program Files/Unity/Hub/Editor/2020.1.7f1/Editor/Data', plugins path 'C:/Program Files/Unity/Hub/Editor/2020.1.7f1/Editor/Data/PlaybackEngines'
Cmd: initializeCompiler
Cmd: compileComputeKernel
  api=4 insize=3687 outsize=1063 ok=1
Cmd: compileComputeKernel
  api=4 insize=13967 outsize=2292 ok=1
Cmd: compileComputeKernel
  api=4 insize=6210 outsize=2421 ok=1
Cmd: compileComputeKernel
  api=4 insize=4831 outsize=2760 ok=1
Cmd: compileComputeKernel
  api=4 insize=6753 outsize=4962 ok=1
Cmd: compileComputeKernel
  api=4 insize=9925 outsize=5185 ok=1
Cmd: compileComputeKernel
  api=4 insize=16303 outsize=48308 ok=1
Cmd: compileComputeKernel
  api=4 insize=16303 outsize=43413 ok=1
Cmd: compileComputeKernel
  api=4 insize=22446 outsize=21745 ok=1
Cmd: compileComputeKernel
  api=4 insize=5901 outsize=7140 ok=1
Cmd: compileComputeKernel
  api=4 insize=3291 outsize=2640 ok=1
Cmd: compileComputeKernel
  api=4 insize=22303 outsize=14641 ok=1
Cmd: compileComputeKernel
  api=4 insize=9223 outsize=4229 ok=1
Cmd: compileComputeKernel
  api=4 insize=22339 outsize=1161 ok=1
Cmd: compileComputeKernel
  api=4 insize=8509 outsize=720 ok=1
Cmd: compileComputeKernel
  api=4 insize=8511 outsize=988 ok=1
Cmd: compileComputeKernel
  api=4 insize=11086 outsize=4746 ok=1
Cmd: compileComputeKernel
  api=4 insize=11086 outsize=4881 ok=1
Cmd: compileComputeKernel
  api=4 insize=7597 outsize=1132 ok=1
Cmd: compileComputeKernel
  api=4 insize=16812 outsize=9905 ok=1
Cmd: compileComputeKernel
  api=4 insize=26550 outsize=16125 ok=1
Cmd: compileComputeKernel
  api=4 insize=26550 outsize=14185 ok=1
Cmd: compileComputeKernel
  api=4 insize=9837 outsize=9498 ok=1
Cmd: compileComputeKernel
  api=4 insize=40272 outsize=38141 ok=1
Cmd: compileComputeKernel
  api=4 insize=40272 outsize=39696 ok=1

Quitting shader compiler process
