Base path: 'C:/Program Files/Unity/Hub/Editor/2020.1.7f1/Editor/Data', plugins path 'C:/Program Files/Unity/Hub/Editor/2020.1.7f1/Editor/Data/PlaybackEngines'
Cmd: initializeCompiler
Cmd: compileComputeKernel
  api=4 insize=14139 outsize=1104 ok=1
Cmd: compileComputeKernel
  api=4 insize=10587 outsize=9628 ok=1
Cmd: compileComputeKernel
  api=4 insize=18002 outsize=7466 ok=1
Cmd: compileComputeKernel
  api=4 insize=4831 outsize=686 ok=1
Cmd: compileComputeKernel
  api=4 insize=4831 outsize=3426 ok=1
Cmd: compileComputeKernel
  api=4 insize=6753 outsize=3026 ok=1
Cmd: compileComputeKernel
  api=4 insize=16433 outsize=6984 ok=1
Cmd: compileComputeKernel
  api=4 insize=16303 outsize=48304 ok=1
Cmd: compileComputeKernel
  api=4 insize=16303 outsize=51103 ok=1
Cmd: compileComputeKernel
  api=4 insize=22303 outsize=15436 ok=1
Cmd: compileComputeKernel
  api=4 insize=8520 outsize=2930 ok=1
Cmd: compileComputeKernel
  api=4 insize=9223 outsize=2749 ok=1
Cmd: compileComputeKernel
  api=4 insize=22339 outsize=1137 ok=1
Cmd: compileComputeKernel
  api=4 insize=3795 outsize=3176 ok=1
Cmd: compileComputeKernel
  api=4 insize=12177 outsize=957 ok=1
Cmd: compileComputeKernel
  api=4 insize=8784 outsize=41286 ok=1
Cmd: compileComputeKernel
  api=4 insize=40272 outsize=1526 ok=1
Cmd: compileComputeKernel
  api=4 insize=40272 outsize=39696 ok=1

Quitting shader compiler process
